<?xml version="1.0" encoding="UTF-8"?>
<testng-results skipped="0" failed="0" total="1" passed="1">
  <reporter-output>
  </reporter-output>
  <suite name="Default suite" duration-ms="132" started-at="2016-06-14T22:28:45Z" finished-at="2016-06-14T22:28:46Z">
    <groups>
    </groups>
    <test name="Default test" duration-ms="132" started-at="2016-06-14T22:28:45Z" finished-at="2016-06-14T22:28:46Z">
      <class name="testng.test_2">
        <test-method status="PASS" signature="capturescreen()[pri:0, instance:testng.test_2@7d19979e]" name="capturescreen" duration-ms="50" started-at="2016-06-15T03:58:46Z" finished-at="2016-06-15T03:58:46Z">
          <reporter-output>
          </reporter-output>
        </test-method> <!-- capturescreen -->
      </class> <!-- testng.test_2 -->
    </test> <!-- Default test -->
  </suite> <!-- Default suite -->
</testng-results>
